2023-08-22 09:40:20.369  INFO 12692 --- [main] c.a.n.client.env.SearchableProperties    : properties search order:PROPERTIES->JVM->ENV->DEFAULT_SETTING
2023-08-22 09:40:20.530  INFO 12692 --- [main] com.yc.Testtoken                         : Starting Testtoken using Java 1.8.0_65 on WIN-20230811JLN with PID 12692 (started by Administrator in C:\Users\Administrator\IdeaProjects\res125-cloud\res-security)
2023-08-22 09:40:20.530  INFO 12692 --- [main] com.yc.Testtoken                         : No active profile set, falling back to 1 default profile: "default"
2023-08-22 09:40:22.147  INFO 12692 --- [main] o.s.cloud.context.scope.GenericScope     : BeanFactory id=04fa4cea-a02f-3ca5-82e5-6f3ab01447ff
2023-08-22 09:40:22.579  INFO 12692 --- [main] c.a.d.s.b.a.DruidDataSourceAutoConfigure : Init DruidDataSource
2023-08-22 09:40:23.620  INFO 12692 --- [main] com.alibaba.druid.pool.DruidDataSource   : {dataSource-1} inited
2023-08-22 09:40:25.884  INFO 12692 --- [main] o.s.b.a.e.web.EndpointLinksResolver      : Exposing 1 endpoint(s) beneath base path '/actuator'
2023-08-22 09:40:26.443  INFO 12692 --- [main] c.y.r.config.WebSecurityConfig           : configure  已启动
2023-08-22 09:40:26.448  INFO 12692 --- [main] c.y.r.config.WebSecurityConfig           : configure  已启动
2023-08-22 09:40:26.663  INFO 12692 --- [main] o.s.s.web.DefaultSecurityFilterChain     : Will secure any request with [org.springframework.security.web.session.DisableEncodeUrlFilter@e154848, org.springframework.security.web.context.request.async.WebAsyncManagerIntegrationFilter@16ea0f22, org.springframework.security.web.context.SecurityContextPersistenceFilter@3ba3f40d, org.springframework.security.web.header.HeaderWriterFilter@75839695, org.springframework.security.web.authentication.logout.LogoutFilter@4b5ad306, com.yc.ressecurity.filters.JwtRequestFilter@60fc7f43, org.springframework.security.web.savedrequest.RequestCacheAwareFilter@46ab4efc, org.springframework.security.web.servletapi.SecurityContextHolderAwareRequestFilter@5f409872, org.springframework.security.web.authentication.AnonymousAuthenticationFilter@16e195cf, org.springframework.security.web.session.SessionManagementFilter@3513d214, org.springframework.security.web.access.ExceptionTranslationFilter@11abd6c, org.springframework.security.web.access.intercept.FilterSecurityInterceptor@3b021664]
2023-08-22 09:40:29.446  WARN 12692 --- [main] d.s.r.o.OperationImplicitParameterReader : Unable to interpret the implicit parameter configuration with dataType: , dataTypeClass: class java.lang.Void
2023-08-22 09:40:29.456  WARN 12692 --- [main] d.s.r.o.OperationImplicitParameterReader : Unable to interpret the implicit parameter configuration with dataType: , dataTypeClass: class java.lang.Void
2023-08-22 09:40:29.607  INFO 12692 --- [main] com.yc.Testtoken                         : Started Testtoken in 10.256 seconds (JVM running for 11.796)
2023-08-22 09:40:30.373  INFO 12692 --- [SpringApplicationShutdownHook] com.alibaba.druid.pool.DruidDataSource   : {dataSource-1} closing ...
2023-08-22 09:40:30.381  INFO 12692 --- [SpringApplicationShutdownHook] com.alibaba.druid.pool.DruidDataSource   : {dataSource-1} closed
2023-08-22 09:41:35.308  INFO 17648 --- [main] c.a.n.client.env.SearchableProperties    : properties search order:PROPERTIES->JVM->ENV->DEFAULT_SETTING
2023-08-22 09:41:35.506  INFO 17648 --- [main] com.yc.Testtoken                         : Starting Testtoken using Java 1.8.0_65 on WIN-20230811JLN with PID 17648 (started by Administrator in C:\Users\Administrator\IdeaProjects\res125-cloud\res-security)
2023-08-22 09:41:35.507  INFO 17648 --- [main] com.yc.Testtoken                         : No active profile set, falling back to 1 default profile: "default"
2023-08-22 09:41:37.196  INFO 17648 --- [main] o.s.cloud.context.scope.GenericScope     : BeanFactory id=04fa4cea-a02f-3ca5-82e5-6f3ab01447ff
2023-08-22 09:41:37.616  INFO 17648 --- [main] c.a.d.s.b.a.DruidDataSourceAutoConfigure : Init DruidDataSource
2023-08-22 09:41:38.718  INFO 17648 --- [main] com.alibaba.druid.pool.DruidDataSource   : {dataSource-1} inited
2023-08-22 09:41:40.956  INFO 17648 --- [main] o.s.b.a.e.web.EndpointLinksResolver      : Exposing 1 endpoint(s) beneath base path '/actuator'
2023-08-22 09:41:41.509  INFO 17648 --- [main] c.y.r.config.WebSecurityConfig           : configure  已启动
2023-08-22 09:41:41.515  INFO 17648 --- [main] c.y.r.config.WebSecurityConfig           : configure  已启动
2023-08-22 09:41:41.687  INFO 17648 --- [main] o.s.s.web.DefaultSecurityFilterChain     : Will secure any request with [org.springframework.security.web.session.DisableEncodeUrlFilter@49631cfb, org.springframework.security.web.context.request.async.WebAsyncManagerIntegrationFilter@77b71c9, org.springframework.security.web.context.SecurityContextPersistenceFilter@472c9f88, org.springframework.security.web.header.HeaderWriterFilter@3513d214, org.springframework.security.web.authentication.logout.LogoutFilter@21c75084, com.yc.ressecurity.filters.JwtRequestFilter@6133e20b, org.springframework.security.web.savedrequest.RequestCacheAwareFilter@5822ecda, org.springframework.security.web.servletapi.SecurityContextHolderAwareRequestFilter@65e4cb84, org.springframework.security.web.authentication.AnonymousAuthenticationFilter@30ffb2a6, org.springframework.security.web.session.SessionManagementFilter@4300e240, org.springframework.security.web.access.ExceptionTranslationFilter@37fef327, org.springframework.security.web.access.intercept.FilterSecurityInterceptor@79f1e22e]
2023-08-22 09:41:44.954  WARN 17648 --- [main] d.s.r.o.OperationImplicitParameterReader : Unable to interpret the implicit parameter configuration with dataType: , dataTypeClass: class java.lang.Void
2023-08-22 09:41:44.962  WARN 17648 --- [main] d.s.r.o.OperationImplicitParameterReader : Unable to interpret the implicit parameter configuration with dataType: , dataTypeClass: class java.lang.Void
2023-08-22 09:41:45.092  INFO 17648 --- [main] com.yc.Testtoken                         : Started Testtoken in 10.682 seconds (JVM running for 11.656)
2023-08-22 09:41:45.864  INFO 17648 --- [SpringApplicationShutdownHook] com.alibaba.druid.pool.DruidDataSource   : {dataSource-1} closing ...
2023-08-22 09:41:45.873  INFO 17648 --- [SpringApplicationShutdownHook] com.alibaba.druid.pool.DruidDataSource   : {dataSource-1} closed
2023-08-22 09:42:32.967  INFO 3672 --- [main] c.a.n.client.env.SearchableProperties    : properties search order:PROPERTIES->JVM->ENV->DEFAULT_SETTING
2023-08-22 09:42:33.144  INFO 3672 --- [main] com.yc.Testtoken                         : Starting Testtoken using Java 1.8.0_65 on WIN-20230811JLN with PID 3672 (started by Administrator in C:\Users\Administrator\IdeaProjects\res125-cloud\res-security)
2023-08-22 09:42:33.145  INFO 3672 --- [main] com.yc.Testtoken                         : No active profile set, falling back to 1 default profile: "default"
2023-08-22 09:42:34.964  INFO 3672 --- [main] o.s.cloud.context.scope.GenericScope     : BeanFactory id=04fa4cea-a02f-3ca5-82e5-6f3ab01447ff
2023-08-22 09:42:35.447  INFO 3672 --- [main] c.a.d.s.b.a.DruidDataSourceAutoConfigure : Init DruidDataSource
2023-08-22 09:42:36.546  INFO 3672 --- [main] com.alibaba.druid.pool.DruidDataSource   : {dataSource-1} inited
2023-08-22 09:42:38.620  INFO 3672 --- [main] o.s.b.a.e.web.EndpointLinksResolver      : Exposing 1 endpoint(s) beneath base path '/actuator'
2023-08-22 09:42:39.070  INFO 3672 --- [main] c.y.r.config.WebSecurityConfig           : configure  已启动
2023-08-22 09:42:39.077  INFO 3672 --- [main] c.y.r.config.WebSecurityConfig           : configure  已启动
2023-08-22 09:42:39.265  INFO 3672 --- [main] o.s.s.web.DefaultSecurityFilterChain     : Will secure any request with [org.springframework.security.web.session.DisableEncodeUrlFilter@49631cfb, org.springframework.security.web.context.request.async.WebAsyncManagerIntegrationFilter@77b71c9, org.springframework.security.web.context.SecurityContextPersistenceFilter@472c9f88, org.springframework.security.web.header.HeaderWriterFilter@3513d214, org.springframework.security.web.authentication.logout.LogoutFilter@21c75084, com.yc.ressecurity.filters.JwtRequestFilter@6133e20b, org.springframework.security.web.savedrequest.RequestCacheAwareFilter@5822ecda, org.springframework.security.web.servletapi.SecurityContextHolderAwareRequestFilter@65e4cb84, org.springframework.security.web.authentication.AnonymousAuthenticationFilter@30ffb2a6, org.springframework.security.web.session.SessionManagementFilter@4300e240, org.springframework.security.web.access.ExceptionTranslationFilter@37fef327, org.springframework.security.web.access.intercept.FilterSecurityInterceptor@79f1e22e]
2023-08-22 09:42:42.202  WARN 3672 --- [main] d.s.r.o.OperationImplicitParameterReader : Unable to interpret the implicit parameter configuration with dataType: , dataTypeClass: class java.lang.Void
2023-08-22 09:42:42.211  WARN 3672 --- [main] d.s.r.o.OperationImplicitParameterReader : Unable to interpret the implicit parameter configuration with dataType: , dataTypeClass: class java.lang.Void
2023-08-22 09:42:42.371  INFO 3672 --- [main] com.yc.Testtoken                         : Started Testtoken in 10.477 seconds (JVM running for 11.517)
2023-08-22 09:42:43.165  INFO 3672 --- [SpringApplicationShutdownHook] com.alibaba.druid.pool.DruidDataSource   : {dataSource-1} closing ...
2023-08-22 09:42:43.173  INFO 3672 --- [SpringApplicationShutdownHook] com.alibaba.druid.pool.DruidDataSource   : {dataSource-1} closed
2023-08-22 09:44:04.090  INFO 16160 --- [main] c.a.n.client.env.SearchableProperties    : properties search order:PROPERTIES->JVM->ENV->DEFAULT_SETTING
2023-08-22 09:44:04.250  INFO 16160 --- [main] com.yc.Testtoken                         : Starting Testtoken using Java 1.8.0_65 on WIN-20230811JLN with PID 16160 (started by Administrator in C:\Users\Administrator\IdeaProjects\res125-cloud\res-security)
2023-08-22 09:44:04.251  INFO 16160 --- [main] com.yc.Testtoken                         : No active profile set, falling back to 1 default profile: "default"
2023-08-22 09:44:05.811  INFO 16160 --- [main] o.s.cloud.context.scope.GenericScope     : BeanFactory id=04fa4cea-a02f-3ca5-82e5-6f3ab01447ff
2023-08-22 09:44:06.243  INFO 16160 --- [main] c.a.d.s.b.a.DruidDataSourceAutoConfigure : Init DruidDataSource
2023-08-22 09:44:07.223  INFO 16160 --- [main] com.alibaba.druid.pool.DruidDataSource   : {dataSource-1} inited
2023-08-22 09:44:09.331  INFO 16160 --- [main] o.s.b.a.e.web.EndpointLinksResolver      : Exposing 1 endpoint(s) beneath base path '/actuator'
2023-08-22 09:44:09.759  INFO 16160 --- [main] c.y.r.config.WebSecurityConfig           : configure  已启动
2023-08-22 09:44:09.765  INFO 16160 --- [main] c.y.r.config.WebSecurityConfig           : configure  已启动
2023-08-22 09:44:09.913  INFO 16160 --- [main] o.s.s.web.DefaultSecurityFilterChain     : Will secure any request with [org.springframework.security.web.session.DisableEncodeUrlFilter@e154848, org.springframework.security.web.context.request.async.WebAsyncManagerIntegrationFilter@16ea0f22, org.springframework.security.web.context.SecurityContextPersistenceFilter@3ba3f40d, org.springframework.security.web.header.HeaderWriterFilter@75839695, org.springframework.security.web.authentication.logout.LogoutFilter@4b5ad306, com.yc.ressecurity.filters.JwtRequestFilter@60fc7f43, org.springframework.security.web.savedrequest.RequestCacheAwareFilter@46ab4efc, org.springframework.security.web.servletapi.SecurityContextHolderAwareRequestFilter@5f409872, org.springframework.security.web.authentication.AnonymousAuthenticationFilter@16e195cf, org.springframework.security.web.session.SessionManagementFilter@3513d214, org.springframework.security.web.access.ExceptionTranslationFilter@11abd6c, org.springframework.security.web.access.intercept.FilterSecurityInterceptor@3b021664]
2023-08-22 09:44:12.849  WARN 16160 --- [main] d.s.r.o.OperationImplicitParameterReader : Unable to interpret the implicit parameter configuration with dataType: , dataTypeClass: class java.lang.Void
2023-08-22 09:44:12.857  WARN 16160 --- [main] d.s.r.o.OperationImplicitParameterReader : Unable to interpret the implicit parameter configuration with dataType: , dataTypeClass: class java.lang.Void
2023-08-22 09:44:12.993  INFO 16160 --- [main] com.yc.Testtoken                         : Started Testtoken in 9.952 seconds (JVM running for 10.949)
2023-08-22 09:44:13.763  INFO 16160 --- [SpringApplicationShutdownHook] com.alibaba.druid.pool.DruidDataSource   : {dataSource-1} closing ...
2023-08-22 09:44:13.771  INFO 16160 --- [SpringApplicationShutdownHook] com.alibaba.druid.pool.DruidDataSource   : {dataSource-1} closed
2023-08-22 09:45:38.726  INFO 11580 --- [main] c.a.n.client.env.SearchableProperties    : properties search order:PROPERTIES->JVM->ENV->DEFAULT_SETTING
2023-08-22 09:45:38.916  INFO 11580 --- [main] com.yc.Testtoken                         : Starting Testtoken using Java 1.8.0_65 on WIN-20230811JLN with PID 11580 (started by Administrator in C:\Users\Administrator\IdeaProjects\res125-cloud\res-security)
2023-08-22 09:45:38.917  INFO 11580 --- [main] com.yc.Testtoken                         : No active profile set, falling back to 1 default profile: "default"
2023-08-22 09:45:40.525  INFO 11580 --- [main] o.s.cloud.context.scope.GenericScope     : BeanFactory id=04fa4cea-a02f-3ca5-82e5-6f3ab01447ff
2023-08-22 09:45:40.962  INFO 11580 --- [main] c.a.d.s.b.a.DruidDataSourceAutoConfigure : Init DruidDataSource
2023-08-22 09:45:42.084  INFO 11580 --- [main] com.alibaba.druid.pool.DruidDataSource   : {dataSource-1} inited
2023-08-22 09:45:44.219  INFO 11580 --- [main] o.s.b.a.e.web.EndpointLinksResolver      : Exposing 1 endpoint(s) beneath base path '/actuator'
2023-08-22 09:45:44.793  INFO 11580 --- [main] c.y.r.config.WebSecurityConfig           : configure  已启动
2023-08-22 09:45:44.801  INFO 11580 --- [main] c.y.r.config.WebSecurityConfig           : configure  已启动
2023-08-22 09:45:44.952  INFO 11580 --- [main] o.s.s.web.DefaultSecurityFilterChain     : Will secure any request with [org.springframework.security.web.session.DisableEncodeUrlFilter@74c7522c, org.springframework.security.web.context.request.async.WebAsyncManagerIntegrationFilter@77c23d90, org.springframework.security.web.context.SecurityContextPersistenceFilter@4300e240, org.springframework.security.web.header.HeaderWriterFilter@37fef327, org.springframework.security.web.authentication.logout.LogoutFilter@2ef041bb, com.yc.ressecurity.filters.JwtRequestFilter@6d17914a, org.springframework.security.web.savedrequest.RequestCacheAwareFilter@547aaa32, org.springframework.security.web.servletapi.SecurityContextHolderAwareRequestFilter@5908e6d6, org.springframework.security.web.authentication.AnonymousAuthenticationFilter@49631cfb, org.springframework.security.web.session.SessionManagementFilter@46ab4efc, org.springframework.security.web.access.ExceptionTranslationFilter@794c5f5e, org.springframework.security.web.access.intercept.FilterSecurityInterceptor@38f502fc]
2023-08-22 09:45:47.921  WARN 11580 --- [main] d.s.r.o.OperationImplicitParameterReader : Unable to interpret the implicit parameter configuration with dataType: , dataTypeClass: class java.lang.Void
2023-08-22 09:45:47.927  WARN 11580 --- [main] d.s.r.o.OperationImplicitParameterReader : Unable to interpret the implicit parameter configuration with dataType: , dataTypeClass: class java.lang.Void
2023-08-22 09:45:48.071  INFO 11580 --- [main] com.yc.Testtoken                         : Started Testtoken in 10.267 seconds (JVM running for 11.28)
2023-08-22 09:45:48.846  INFO 11580 --- [SpringApplicationShutdownHook] com.alibaba.druid.pool.DruidDataSource   : {dataSource-1} closing ...
2023-08-22 09:45:48.855  INFO 11580 --- [SpringApplicationShutdownHook] com.alibaba.druid.pool.DruidDataSource   : {dataSource-1} closed
2023-08-22 10:31:23.891  INFO 19348 --- [main] c.a.n.client.env.SearchableProperties    : properties search order:PROPERTIES->JVM->ENV->DEFAULT_SETTING
2023-08-22 10:31:24.058  INFO 19348 --- [main] com.yc.Testtoken                         : Starting Testtoken using Java 1.8.0_65 on WIN-20230811JLN with PID 19348 (started by Administrator in C:\Users\Administrator\IdeaProjects\res125-cloud\res-security)
2023-08-22 10:31:24.059  INFO 19348 --- [main] com.yc.Testtoken                         : No active profile set, falling back to 1 default profile: "default"
2023-08-22 10:31:25.785  INFO 19348 --- [main] o.s.cloud.context.scope.GenericScope     : BeanFactory id=04fa4cea-a02f-3ca5-82e5-6f3ab01447ff
2023-08-22 10:31:26.251  INFO 19348 --- [main] c.a.d.s.b.a.DruidDataSourceAutoConfigure : Init DruidDataSource
2023-08-22 10:31:27.357  INFO 19348 --- [main] com.alibaba.druid.pool.DruidDataSource   : {dataSource-1} inited
2023-08-22 10:31:29.853  INFO 19348 --- [main] o.s.b.a.e.web.EndpointLinksResolver      : Exposing 1 endpoint(s) beneath base path '/actuator'
2023-08-22 10:31:30.339  INFO 19348 --- [main] c.y.r.config.WebSecurityConfig           : configure  已启动
2023-08-22 10:31:30.347  INFO 19348 --- [main] c.y.r.config.WebSecurityConfig           : configure  已启动
2023-08-22 10:31:30.522  INFO 19348 --- [main] o.s.s.web.DefaultSecurityFilterChain     : Will secure any request with [org.springframework.security.web.session.DisableEncodeUrlFilter@e154848, org.springframework.security.web.context.request.async.WebAsyncManagerIntegrationFilter@16ea0f22, org.springframework.security.web.context.SecurityContextPersistenceFilter@3ba3f40d, org.springframework.security.web.header.HeaderWriterFilter@75839695, org.springframework.security.web.authentication.logout.LogoutFilter@4b5ad306, com.yc.ressecurity.filters.JwtRequestFilter@60fc7f43, org.springframework.security.web.savedrequest.RequestCacheAwareFilter@46ab4efc, org.springframework.security.web.servletapi.SecurityContextHolderAwareRequestFilter@5f409872, org.springframework.security.web.authentication.AnonymousAuthenticationFilter@16e195cf, org.springframework.security.web.session.SessionManagementFilter@3513d214, org.springframework.security.web.access.ExceptionTranslationFilter@11abd6c, org.springframework.security.web.access.intercept.FilterSecurityInterceptor@3b021664]
2023-08-22 10:31:33.604  WARN 19348 --- [main] d.s.r.o.OperationImplicitParameterReader : Unable to interpret the implicit parameter configuration with dataType: , dataTypeClass: class java.lang.Void
2023-08-22 10:31:33.612  WARN 19348 --- [main] d.s.r.o.OperationImplicitParameterReader : Unable to interpret the implicit parameter configuration with dataType: , dataTypeClass: class java.lang.Void
2023-08-22 10:31:33.708  INFO 19348 --- [main] com.yc.Testtoken                         : Started Testtoken in 10.801 seconds (JVM running for 11.841)
2023-08-22 10:31:34.596  INFO 19348 --- [SpringApplicationShutdownHook] com.alibaba.druid.pool.DruidDataSource   : {dataSource-1} closing ...
2023-08-22 10:31:34.608  INFO 19348 --- [SpringApplicationShutdownHook] com.alibaba.druid.pool.DruidDataSource   : {dataSource-1} closed
